# JRE version: OpenJDK Runtime Environment Temurin-21.0.9+10 (21.0.9+10) (build 21.0.9+10-LTS)
# Java VM: OpenJDK 64-Bit Server VM Temurin-21.0.9+10 (21.0.9+10-LTS, mixed mode, sharing, tiered, compressed oops, compressed class ptrs, parallel gc, windows-amd64)
GC Precious Log:
 CardTable entry size: 512
 CPUs: 8 total, 8 available
 Memory: 7103M
 Large Page Support: Disabled
 NUMA Support: Disabled
 Compressed Oops: Enabled (32-bit)
 Alignments: Space 512K, Generation 512K, Heap 2M
 Heap Min Capacity: 100M
 Heap Initial Capacity: 100M
 Heap Max Capacity: 2G
 Pre-touch: Disabled
 Parallel Workers: 8
Heap:
 PSYoungGen      total 15872K, used 2869K [0x00000000d5580000, 0x00000000d6800000, 0x0000000100000000)
  eden space 13824K, 15% used [0x00000000d5580000,0x00000000d578ade8,0x00000000d6300000)
  from space 2048K, 38% used [0x00000000d6600000,0x00000000d66c2910,0x00000000d6800000)
  to   space 2560K, 0% used [0x00000000d6300000,0x00000000d6300000,0x00000000d6580000)
 ParOldGen       total 746496K, used 746307K [0x0000000080000000, 0x00000000ad900000, 0x00000000d5580000)
  object space 746496K, 99% used [0x0000000080000000,0x00000000ad8d0e70,0x00000000ad900000)
 Metaspace       used 91553K, committed 93376K, reserved 1179648K
  class space    used 9330K, committed 10176K, reserved 1048576K
GC Heap History (20 events):
Event: 8663.220 GC heap before
{Heap before GC invocations=3738 (full 6):
 PSYoungGen      total 8704K, used 8695K [0x00000000d5580000, 0x00000000d6100000, 0x0000000100000000)
  eden space 7680K, 100% used [0x00000000d5580000,0x00000000d5d00000,0x00000000d5d00000)
  from space 1024K, 99% used [0x00000000d5d00000,0x00000000d5dfdf90,0x00000000d5e00000)
  to   space 2048K, 0% used [0x00000000d5f00000,0x00000000d5f00000,0x00000000d6100000)
 ParOldGen       total 731648K, used 731424K [0x0000000080000000, 0x00000000aca80000, 0x00000000d5580000)
  object space 731648K, 99% used [0x0000000080000000,0x00000000aca482c0,0x00000000aca80000)
 Metaspace       used 91540K, committed 93376K, reserved 1179648K
  class space    used 9330K, committed 10176K, reserved 1048576K
}
Event: 8663.224 GC heap after
{Heap after GC invocations=3738 (full 6):
 PSYoungGen      total 8704K, used 564K [0x00000000d5580000, 0x00000000d6000000, 0x0000000100000000)
  eden space 7680K, 0% used [0x00000000d5580000,0x00000000d5580000,0x00000000d5d00000)
  from space 1024K, 55% used [0x00000000d5f00000,0x00000000d5f8d200,0x00000000d6000000)
  to   space 1024K, 0% used [0x00000000d5d00000,0x00000000d5d00000,0x00000000d5e00000)
 ParOldGen       total 732160K, used 731978K [0x0000000080000000, 0x00000000acb00000, 0x00000000d5580000)
  object space 732160K, 99% used [0x0000000080000000,0x00000000acad29c0,0x00000000acb00000)
 Metaspace       used 91540K, committed 93376K, reserved 1179648K
  class space    used 9330K, committed 10176K, reserved 1048576K
}
Event: 8663.245 GC heap before
{Heap before GC invocations=3739 (full 6):
 PSYoungGen      total 8704K, used 8244K [0x00000000d5580000, 0x00000000d6000000, 0x0000000100000000)
  eden space 7680K, 100% used [0x00000000d5580000,0x00000000d5d00000,0x00000000d5d00000)
  from space 1024K, 55% used [0x00000000d5f00000,0x00000000d5f8d200,0x00000000d6000000)
  to   space 1024K, 0% used [0x00000000d5d00000,0x00000000d5d00000,0x00000000d5e00000)
 ParOldGen       total 732160K, used 731978K [0x0000000080000000, 0x00000000acb00000, 0x00000000d5580000)
  object space 732160K, 99% used [0x0000000080000000,0x00000000acad29c0,0x00000000acb00000)
 Metaspace       used 91540K, committed 93376K, reserved 1179648K
  class space    used 9330K, committed 10176K, reserved 1048576K
}
Event: 8663.251 GC heap after
{Heap after GC invocations=3739 (full 6):
 PSYoungGen      total 8704K, used 1021K [0x00000000d5580000, 0x00000000d6700000, 0x0000000100000000)
  eden space 7680K, 0% used [0x00000000d5580000,0x00000000d5580000,0x00000000d5d00000)
  from space 1024K, 99% used [0x00000000d5d00000,0x00000000d5dff690,0x00000000d5e00000)
  to   space 5120K, 0% used [0x00000000d6200000,0x00000000d6200000,0x00000000d6700000)
 ParOldGen       total 735232K, used 735118K [0x0000000080000000, 0x00000000ace00000, 0x00000000d5580000)
  object space 735232K, 99% used [0x0000000080000000,0x00000000acde3bc0,0x00000000ace00000)
 Metaspace       used 91540K, committed 93376K, reserved 1179648K
  class space    used 9330K, committed 10176K, reserved 1048576K
}
Event: 8663.281 GC heap before
{Heap before GC invocations=3740 (full 6):
 PSYoungGen      total 8704K, used 8701K [0x00000000d5580000, 0x00000000d6700000, 0x0000000100000000)
  eden space 7680K, 100% used [0x00000000d5580000,0x00000000d5d00000,0x00000000d5d00000)
  from space 1024K, 99% used [0x00000000d5d00000,0x00000000d5dff690,0x00000000d5e00000)
  to   space 5120K, 0% used [0x00000000d6200000,0x00000000d6200000,0x00000000d6700000)
 ParOldGen       total 735232K, used 735118K [0x0000000080000000, 0x00000000ace00000, 0x00000000d5580000)
  object space 735232K, 99% used [0x0000000080000000,0x00000000acde3bc0,0x00000000ace00000)
 Metaspace       used 91543K, committed 93376K, reserved 1179648K
  class space    used 9330K, committed 10176K, reserved 1048576K
}
Event: 8663.286 GC heap after
{Heap after GC invocations=3740 (full 6):
 PSYoungGen      total 8704K, used 890K [0x00000000d5580000, 0x00000000d6300000, 0x0000000100000000)
  eden space 7680K, 0% used [0x00000000d5580000,0x00000000d5580000,0x00000000d5d00000)
  from space 1024K, 86% used [0x00000000d6200000,0x00000000d62de900,0x00000000d6300000)
  to   space 2560K, 0% used [0x00000000d5e00000,0x00000000d5e00000,0x00000000d6080000)
 ParOldGen       total 735744K, used 735390K [0x0000000080000000, 0x00000000ace80000, 0x00000000d5580000)
  object space 735744K, 99% used [0x0000000080000000,0x00000000ace27bc0,0x00000000ace80000)
 Metaspace       used 91543K, committed 93376K, reserved 1179648K
  class space    used 9330K, committed 10176K, reserved 1048576K
}
Event: 8663.309 GC heap before
{Heap before GC invocations=3741 (full 6):
 PSYoungGen      total 8704K, used 8570K [0x00000000d5580000, 0x00000000d6300000, 0x0000000100000000)
  eden space 7680K, 100% used [0x00000000d5580000,0x00000000d5d00000,0x00000000d5d00000)
  from space 1024K, 86% used [0x00000000d6200000,0x00000000d62de900,0x00000000d6300000)
  to   space 2560K, 0% used [0x00000000d5e00000,0x00000000d5e00000,0x00000000d6080000)
 ParOldGen       total 735744K, used 735390K [0x0000000080000000, 0x00000000ace80000, 0x00000000d5580000)
  object space 735744K, 99% used [0x0000000080000000,0x00000000ace27bc0,0x00000000ace80000)
 Metaspace       used 91543K, committed 93376K, reserved 1179648K
  class space    used 9330K, committed 10176K, reserved 1048576K
}
Event: 8663.315 GC heap after
{Heap after GC invocations=3741 (full 6):
 PSYoungGen      total 10240K, used 2551K [0x00000000d5580000, 0x00000000d6800000, 0x0000000100000000)
  eden space 7680K, 0% used [0x00000000d5580000,0x00000000d5580000,0x00000000d5d00000)
  from space 2560K, 99% used [0x00000000d5e00000,0x00000000d607df90,0x00000000d6080000)
  to   space 5632K, 0% used [0x00000000d6280000,0x00000000d6280000,0x00000000d6800000)
 ParOldGen       total 737792K, used 737709K [0x0000000080000000, 0x00000000ad080000, 0x00000000d5580000)
  object space 737792K, 99% used [0x0000000080000000,0x00000000ad06b7c0,0x00000000ad080000)
 Metaspace       used 91543K, committed 93376K, reserved 1179648K
  class space    used 9330K, committed 10176K, reserved 1048576K
}
Event: 8663.329 GC heap before
{Heap before GC invocations=3742 (full 6):
 PSYoungGen      total 10240K, used 10231K [0x00000000d5580000, 0x00000000d6800000, 0x0000000100000000)
  eden space 7680K, 99% used [0x00000000d5580000,0x00000000d5cffff8,0x00000000d5d00000)
  from space 2560K, 99% used [0x00000000d5e00000,0x00000000d607df90,0x00000000d6080000)
  to   space 5632K, 0% used [0x00000000d6280000,0x00000000d6280000,0x00000000d6800000)
 ParOldGen       total 737792K, used 737709K [0x0000000080000000, 0x00000000ad080000, 0x00000000d5580000)
  object space 737792K, 99% used [0x0000000080000000,0x00000000ad06b7c0,0x00000000ad080000)
 Metaspace       used 91543K, committed 93376K, reserved 1179648K
  class space    used 9330K, committed 10176K, reserved 1048576K
}
Event: 8663.334 GC heap after
{Heap after GC invocations=3742 (full 6):
 PSYoungGen      total 11264K, used 1702K [0x00000000d5580000, 0x00000000d6480000, 0x0000000100000000)
  eden space 9216K, 0% used [0x00000000d5580000,0x00000000d5580000,0x00000000d5e80000)
  from space 2048K, 83% used [0x00000000d6280000,0x00000000d6429a90,0x00000000d6480000)
  to   space 3072K, 0% used [0x00000000d5e80000,0x00000000d5e80000,0x00000000d6180000)
 ParOldGen       total 738304K, used 738066K [0x0000000080000000, 0x00000000ad100000, 0x00000000d5580000)
  object space 738304K, 99% used [0x0000000080000000,0x00000000ad0c49d0,0x00000000ad100000)
 Metaspace       used 91543K, committed 93376K, reserved 1179648K
  class space    used 9330K, committed 10176K, reserved 1048576K
}
Event: 8663.345 GC heap before
{Heap before GC invocations=3743 (full 6):
 PSYoungGen      total 11264K, used 10918K [0x00000000d5580000, 0x00000000d6480000, 0x0000000100000000)
  eden space 9216K, 100% used [0x00000000d5580000,0x00000000d5e80000,0x00000000d5e80000)
  from space 2048K, 83% used [0x00000000d6280000,0x00000000d6429a90,0x00000000d6480000)
  to   space 3072K, 0% used [0x00000000d5e80000,0x00000000d5e80000,0x00000000d6180000)
 ParOldGen       total 738304K, used 738066K [0x0000000080000000, 0x00000000ad100000, 0x00000000d5580000)
  object space 738304K, 99% used [0x0000000080000000,0x00000000ad0c49d0,0x00000000ad100000)
 Metaspace       used 91543K, committed 93376K, reserved 1179648K
  class space    used 9330K, committed 10176K, reserved 1048576K
}
Event: 8663.351 GC heap after
{Heap after GC invocations=3743 (full 6):
 PSYoungGen      total 12288K, used 2336K [0x00000000d5580000, 0x00000000d6580000, 0x0000000100000000)
  eden space 9216K, 0% used [0x00000000d5580000,0x00000000d5580000,0x00000000d5e80000)
  from space 3072K, 76% used [0x00000000d5e80000,0x00000000d60c8000,0x00000000d6180000)
  to   space 2560K, 0% used [0x00000000d6300000,0x00000000d6300000,0x00000000d6580000)
 ParOldGen       total 739328K, used 738986K [0x0000000080000000, 0x00000000ad200000, 0x00000000d5580000)
  object space 739328K, 99% used [0x0000000080000000,0x00000000ad1aaa60,0x00000000ad200000)
 Metaspace       used 91543K, committed 93376K, reserved 1179648K
  class space    used 9330K, committed 10176K, reserved 1048576K
}
Event: 8663.394 GC heap before
{Heap before GC invocations=3744 (full 6):
 PSYoungGen      total 12288K, used 11551K [0x00000000d5580000, 0x00000000d6580000, 0x0000000100000000)
  eden space 9216K, 99% used [0x00000000d5580000,0x00000000d5e7fce0,0x00000000d5e80000)
  from space 3072K, 76% used [0x00000000d5e80000,0x00000000d60c8000,0x00000000d6180000)
  to   space 2560K, 0% used [0x00000000d6300000,0x00000000d6300000,0x00000000d6580000)
 ParOldGen       total 739328K, used 738986K [0x0000000080000000, 0x00000000ad200000, 0x00000000d5580000)
  object space 739328K, 99% used [0x0000000080000000,0x00000000ad1aaa60,0x00000000ad200000)
 Metaspace       used 91550K, committed 93376K, reserved 1179648K
  class space    used 9330K, committed 10176K, reserved 1048576K
}
Event: 8663.399 GC heap after
{Heap after GC invocations=3744 (full 6):
 PSYoungGen      total 10240K, used 724K [0x00000000d5580000, 0x00000000d6400000, 0x0000000100000000)
  eden space 9216K, 0% used [0x00000000d5580000,0x00000000d5580000,0x00000000d5e80000)
  from space 1024K, 70% used [0x00000000d6300000,0x00000000d63b5200,0x00000000d6400000)
  to   space 1536K, 0% used [0x00000000d6100000,0x00000000d6100000,0x00000000d6280000)
 ParOldGen       total 741376K, used 741234K [0x0000000080000000, 0x00000000ad400000, 0x00000000d5580000)
  object space 741376K, 99% used [0x0000000080000000,0x00000000ad3dca60,0x00000000ad400000)
 Metaspace       used 91550K, committed 93376K, reserved 1179648K
  class space    used 9330K, committed 10176K, reserved 1048576K
}
Event: 8663.480 GC heap before
{Heap before GC invocations=3745 (full 6):
 PSYoungGen      total 10240K, used 9940K [0x00000000d5580000, 0x00000000d6400000, 0x0000000100000000)
  eden space 9216K, 100% used [0x00000000d5580000,0x00000000d5e80000,0x00000000d5e80000)
  from space 1024K, 70% used [0x00000000d6300000,0x00000000d63b5200,0x00000000d6400000)
  to   space 1536K, 0% used [0x00000000d6100000,0x00000000d6100000,0x00000000d6280000)
 ParOldGen       total 741376K, used 741234K [0x0000000080000000, 0x00000000ad400000, 0x00000000d5580000)
  object space 741376K, 99% used [0x0000000080000000,0x00000000ad3dca60,0x00000000ad400000)
 Metaspace       used 91552K, committed 93376K, reserved 1179648K
  class space    used 9330K, committed 10176K, reserved 1048576K
}
Event: 8663.485 GC heap after
{Heap after GC invocations=3745 (full 6):
 PSYoungGen      total 10752K, used 1306K [0x00000000d5580000, 0x00000000d6380000, 0x0000000100000000)
  eden space 9216K, 0% used [0x00000000d5580000,0x00000000d5580000,0x00000000d5e80000)
  from space 1536K, 85% used [0x00000000d6100000,0x00000000d6246900,0x00000000d6280000)
  to   space 1024K, 0% used [0x00000000d6280000,0x00000000d6280000,0x00000000d6380000)
 ParOldGen       total 741888K, used 741855K [0x0000000080000000, 0x00000000ad480000, 0x00000000d5580000)
  object space 741888K, 99% used [0x0000000080000000,0x00000000ad477c70,0x00000000ad480000)
 Metaspace       used 91552K, committed 93376K, reserved 1179648K
  class space    used 9330K, committed 10176K, reserved 1048576K
}
Event: 8663.530 GC heap before
{Heap before GC invocations=3746 (full 6):
 PSYoungGen      total 10752K, used 10522K [0x00000000d5580000, 0x00000000d6380000, 0x0000000100000000)
  eden space 9216K, 100% used [0x00000000d5580000,0x00000000d5e80000,0x00000000d5e80000)
  from space 1536K, 85% used [0x00000000d6100000,0x00000000d6246900,0x00000000d6280000)
  to   space 1024K, 0% used [0x00000000d6280000,0x00000000d6280000,0x00000000d6380000)
 ParOldGen       total 741888K, used 741855K [0x0000000080000000, 0x00000000ad480000, 0x00000000d5580000)
  object space 741888K, 99% used [0x0000000080000000,0x00000000ad477c70,0x00000000ad480000)
 Metaspace       used 91552K, committed 93376K, reserved 1179648K
  class space    used 9330K, committed 10176K, reserved 1048576K
}
Event: 8663.534 GC heap after
{Heap after GC invocations=3746 (full 6):
 PSYoungGen      total 9728K, used 468K [0x00000000d5580000, 0x00000000d6300000, 0x0000000100000000)
  eden space 9216K, 0% used [0x00000000d5580000,0x00000000d5580000,0x00000000d5e80000)
  from space 512K, 91% used [0x00000000d6280000,0x00000000d62f5200,0x00000000d6300000)
  to   space 1024K, 0% used [0x00000000d6100000,0x00000000d6100000,0x00000000d6200000)
 ParOldGen       total 742912K, used 742599K [0x0000000080000000, 0x00000000ad580000, 0x00000000d5580000)
  object space 742912K, 99% used [0x0000000080000000,0x00000000ad531c70,0x00000000ad580000)
 Metaspace       used 91552K, committed 93376K, reserved 1179648K
  class space    used 9330K, committed 10176K, reserved 1048576K
}
Event: 8663.560 GC heap before
{Heap before GC invocations=3747 (full 6):
 PSYoungGen      total 9728K, used 9684K [0x00000000d5580000, 0x00000000d6300000, 0x0000000100000000)
  eden space 9216K, 100% used [0x00000000d5580000,0x00000000d5e80000,0x00000000d5e80000)
  from space 512K, 91% used [0x00000000d6280000,0x00000000d62f5200,0x00000000d6300000)
  to   space 1024K, 0% used [0x00000000d6100000,0x00000000d6100000,0x00000000d6200000)
 ParOldGen       total 742912K, used 742599K [0x0000000080000000, 0x00000000ad580000, 0x00000000d5580000)
  object space 742912K, 99% used [0x0000000080000000,0x00000000ad531c70,0x00000000ad580000)
 Metaspace       used 91552K, committed 93376K, reserved 1179648K
  class space    used 9330K, committed 10176K, reserved 1048576K
}
Event: 8664.587 GC heap after
{Heap after GC invocations=3747 (full 6):
 PSYoungGen      total 12288K, used 1021K [0x00000000d5580000, 0x00000000d6b80000, 0x0000000100000000)
  eden space 11264K, 0% used [0x00000000d5580000,0x00000000d5580000,0x00000000d6080000)
  from space 1024K, 99% used [0x00000000d6100000,0x00000000d61ff690,0x00000000d6200000)
  to   space 5632K, 0% used [0x00000000d6600000,0x00000000d6600000,0x00000000d6b80000)
 ParOldGen       total 746496K, used 746155K [0x0000000080000000, 0x00000000ad900000, 0x00000000d5580000)
  object space 746496K, 99% used [0x0000000080000000,0x00000000ad8aae70,0x00000000ad900000)
 Metaspace       used 91552K, committed 93376K, reserved 1179648K
  class space    used 9330K, committed 10176K, reserved 1048576K
}

